C:\PSG\AVOCADO\AVOCADOENGINE\DEBUG\ANIMATIONMANIPULATOR.OBJ
C:\PSG\AVOCADO\AVOCADOENGINE\DEBUG\AVOCADOANIMATIONMANIPULATORMODULE.OBJ
C:\PSG\AVOCADO\AVOCADOENGINE\DEBUG\AVOCADOANNOTATIONSMODULE.OBJ
C:\PSG\AVOCADO\AVOCADOENGINE\DEBUG\AVOCADOAPPINTERFACE.OBJ
C:\PSG\AVOCADO\AVOCADOENGINE\DEBUG\AVOCADODRAGGERMODULE.OBJ
C:\PSG\AVOCADO\AVOCADOENGINE\DEBUG\AVOCADOENGINE.OBJ
C:\PSG\AVOCADO\AVOCADOENGINE\DEBUG\AVOCADOENGINEDOC.OBJ
C:\PSG\AVOCADO\AVOCADOENGINE\DEBUG\AVOCADOENGINEOBJECT.OBJ
C:\PSG\AVOCADO\AVOCADOENGINE\DEBUG\AVOCADOENGINEOPTIONS.OBJ
C:\PSG\AVOCADO\AVOCADOENGINE\DEBUG\AVOCADOENGINEVIEW.OBJ
C:\PSG\AVOCADO\AVOCADOENGINE\DEBUG\AVOCADOIMPORTMODULE.OBJ
C:\PSG\AVOCADO\AVOCADOENGINE\DEBUG\AVOCADOMANIPULATOR.OBJ
C:\PSG\AVOCADO\AVOCADOENGINE\DEBUG\AVOCADOMANIPULATORMODULE.OBJ
C:\PSG\AVOCADO\AVOCADOENGINE\DEBUG\AVOCADOMATERIALS.OBJ
C:\PSG\AVOCADO\AVOCADOENGINE\DEBUG\AVOCADOMESSAGEHANDLER.OBJ
C:\PSG\AVOCADO\AVOCADOENGINE\DEBUG\AVOCADONETWORKMODULE.OBJ
C:\PSG\AVOCADO\AVOCADOENGINE\DEBUG\AVOCADOPARAMS.OBJ
C:\PSG\AVOCADO\AVOCADOENGINE\DEBUG\AVOCADOPICKERMODULE.OBJ
C:\PSG\AVOCADO\AVOCADOENGINE\DEBUG\AVOCADOPIPELINE.OBJ
C:\PSG\AVOCADO\AVOCADOENGINE\DEBUG\AVOCADOPIPELINEMODULE.OBJ
C:\PSG\AVOCADO\AVOCADOENGINE\DEBUG\AVOCADOSCENIXADAPTER.OBJ
C:\PSG\AVOCADO\AVOCADOENGINE\DEBUG\AVOCADOSELECTIONMODULE.OBJ
C:\PSG\AVOCADO\AVOCADOENGINE\DEBUG\AVOCADOSOAPCLIENT.OBJ
C:\PSG\AVOCADO\AVOCADOENGINE\DEBUG\CAMERAANIMATOR.OBJ
C:\psg\Avocado\AvocadoEngine\Debug\cl.command.1.tlog
C:\psg\Avocado\AvocadoEngine\Debug\CL.read.1.tlog
C:\psg\Avocado\AvocadoEngine\Debug\CL.write.1.tlog
C:\PSG\AVOCADO\AVOCADOENGINE\DEBUG\FFPTOCGFXTRAVERSER.OBJ
C:\psg\Avocado\AvocadoEngine\Debug\link.command.1.tlog
C:\psg\Avocado\AvocadoEngine\Debug\link.read.1.tlog
C:\psg\Avocado\AvocadoEngine\Debug\link.write.1.tlog
C:\PSG\AVOCADO\AVOCADOENGINE\DEBUG\MANIPULATOR.OBJ
C:\PSG\AVOCADO\AVOCADOENGINE\DEBUG\MESHGENERATOR.OBJ
C:\psg\Avocado\AvocadoEngine\Debug\mssoap30.tlh
C:\psg\Avocado\AvocadoEngine\Debug\mssoap30.tli
C:\psg\Avocado\AvocadoEngine\Debug\msxml6.tlh
C:\PSG\AVOCADO\AVOCADOENGINE\DEBUG\SCENEFUNCTIONS.OBJ
C:\PSG\AVOCADO\AVOCADOENGINE\DEBUG\UNZIP.OBJ
C:\psg\Avocado\AvocadoEngine\Debug\vc100.idb
C:\PSG\AVOCADO\AVOCADOENGINE\DEBUG\VC100.PDB
C:\PSG\AVOCADO\AVOCADOENGINE\DEBUG\ZIP.OBJ
